        -:    0:Source:src/count_ones.cpp
        -:    0:Graph:./build_with_flags/coverage-count_ones.gcno
        -:    0:Data:./build_with_flags/coverage-count_ones.gcda
        -:    0:Runs:2
        -:    1:#include "count_ones.h"
        -:    2:#include "loop_counter.h"
        -:    3:
 30032952:    4:int countOnes1(unsigned int n, LoopCounter& counter) {
 30032952:    5:    int ones = 0;
        -:    6:
336610924:    7:    while (n > 0) {
306577972:    8:        counter.increment(); 
306577972:    9:        ++ones;
306577972:   10:        n &= (n - 1);
        -:   11:    }
        -:   12:
 30032952:   13:    return ones;
        -:   14:}
        -:   15:
