        -:    0:Source:src/loop_counter.cpp
        -:    0:Graph:./build_with_flags/coverage-loop_counter.gcno
        -:    0:Data:./build_with_flags/coverage-loop_counter.gcda
        -:    0:Runs:2
        -:    1:#include "loop_counter.h"
        -:    2:
        4:    3:LoopCounter::LoopCounter() : count(0) {}
        -:    4:
      408:    5:void LoopCounter::reset() {
      408:    6:    count = 0;
      408:    7:}
        -:    8:
366643672:    9:void LoopCounter::increment(unsigned long long n) {
366643672:   10:    count += n;
366643672:   11:}
        -:   12:
        4:   13:unsigned long long LoopCounter::get() const {
        4:   14:    return count;
        -:   15:}
