        -:    0:Source:tests/test_internal.cpp
        -:    0:Graph:./build_with_flags/coverage-test_internal.gcno
        -:    0:Data:./build_with_flags/coverage-test_internal.gcda
        -:    0:Runs:1
        -:    1:#include <cassert>
        -:    2:#include <random>
        -:    3:#include <iostream>
        -:    4:#include "count_ones.h"
        -:    5:#include "count_ones_array.h"
        -:    6:
        1:    7:int main() {
        1:    8:    LoopCounter c1, c2;
        -:    9:
        -:   10:    // Test 1:
        -:   11:    {
        1:   12:        c1.reset(); c2.reset();
        -:   13:
        1:   14:        unsigned int n = 10000;
        -:   15:
        1:   16:        auto v1 = CountOnesArray::compute(n, countOnes1, c1);
        1:   17:        auto v2 = CountOnesArray::computeOptimized(n, c2);
        -:   18:
       1*:   19:        assert(v1 == v2);
        1:   20:    }
        -:   21:
        -:   22:    // Test 2: Comparacion aleatoria
        -:   23:    {
        1:   24:        std::mt19937 rng(123);
        1:   25:        std::uniform_int_distribution<unsigned int> dist(0, 100000);
        -:   26:
      101:   27:        for (int t = 0; t < 100; ++t) {
      100:   28:            unsigned int n = dist(rng);
        -:   29:
      100:   30:            c1.reset(); c2.reset();
        -:   31:
      100:   32:            auto v1 = CountOnesArray::compute(n, countOnes1, c1);
      100:   33:            auto v2 = CountOnesArray::computeOptimized(n, c2);
        -:   34:
     100*:   35:            assert(v1 == v2);
      100:   36:        }
        -:   37:    }
        -:   38:
        -:   39:    // Test 3: Un valor grande
        -:   40:    {
        1:   41:        unsigned int n = 10000000;
        -:   42:
        1:   43:        c1.reset(); c2.reset();
        -:   44:
        1:   45:        CountOnesArray::compute(n, countOnes1, c1);
        1:   46:        CountOnesArray::computeOptimized(n, c2);
        -:   47:
       1*:   48:        assert(c2.get() < c1.get());
        -:   49:    }
        -:   50:
        1:   51:    std::cout << "Prueba privada terminada\n";
        1:   52:    return 0;
        -:   53:}
