Start testing: Apr 08 22:02 -05
----------------------------------------------------------
1/3 Testing: pc1_test_internal
1/3 Test: pc1_test_internal
Command: "/home/victor/clases/algoritmos/pc1/build/test_internal"
Directory: /home/victor/clases/algoritmos/pc1/build
"pc1_test_internal" start time: Apr 08 22:02 -05
Output:
----------------------------------------------------------
Prueba privada terminada
<end of output>
Test time =   1.86 sec
----------------------------------------------------------
Test Passed.
"pc1_test_internal" end time: Apr 08 22:02 -05
"pc1_test_internal" time elapsed: 00:00:01
----------------------------------------------------------

2/3 Testing: pc1_test_extr
2/3 Test: pc1_test_extr
Command: "/home/victor/clases/algoritmos/pc1/build/test_extra"
Directory: /home/victor/clases/algoritmos/pc1/build
"pc1_test_extr" start time: Apr 08 22:02 -05
Output:
----------------------------------------------------------
Prueba extra concluida
<end of output>
Test time =   0.00 sec
----------------------------------------------------------
Test Passed.
"pc1_test_extr" end time: Apr 08 22:02 -05
"pc1_test_extr" time elapsed: 00:00:00
----------------------------------------------------------

3/3 Testing: pc1_edge_cases
3/3 Test: pc1_edge_cases
Command: "/home/victor/clases/algoritmos/pc1/build/edge_cases"
Directory: /home/victor/clases/algoritmos/pc1/build
"pc1_edge_cases" start time: Apr 08 22:02 -05
Output:
----------------------------------------------------------
Casos borde finalizados
<end of output>
Test time =   0.31 sec
----------------------------------------------------------
Test Passed.
"pc1_edge_cases" end time: Apr 08 22:02 -05
"pc1_edge_cases" time elapsed: 00:00:00
----------------------------------------------------------

End testing: Apr 08 22:02 -05
