Start testing: Apr 17 08:41 -05
----------------------------------------------------------
1/5 Testing: semana2_public
1/5 Test: semana2_public
Command: "/home/victor/clases/algoritmos/CC-232/Libreria_cc232/Semana2/build/sem2_test_public"
Directory: /home/victor/clases/algoritmos/CC-232/Libreria_cc232/Semana2/build
"semana2_public" start time: Apr 17 08:41 -05
Output:
----------------------------------------------------------
<end of output>
Test time =   0.01 sec
----------------------------------------------------------
Test Passed.
"semana2_public" end time: Apr 17 08:41 -05
"semana2_public" time elapsed: 00:00:00
----------------------------------------------------------

2/5 Testing: semana2_internal
2/5 Test: semana2_internal
Command: "/home/victor/clases/algoritmos/CC-232/Libreria_cc232/Semana2/build/sem2_test_internal"
Directory: /home/victor/clases/algoritmos/CC-232/Libreria_cc232/Semana2/build
"semana2_internal" start time: Apr 17 08:41 -05
Output:
----------------------------------------------------------
<end of output>
Test time =   0.00 sec
----------------------------------------------------------
Test Passed.
"semana2_internal" end time: Apr 17 08:41 -05
"semana2_internal" time elapsed: 00:00:00
----------------------------------------------------------

3/5 Testing: semana2_resize_stress
3/5 Test: semana2_resize_stress
Command: "/home/victor/clases/algoritmos/CC-232/Libreria_cc232/Semana2/build/sem2_resize_stress"
Directory: /home/victor/clases/algoritmos/CC-232/Libreria_cc232/Semana2/build
"semana2_resize_stress" start time: Apr 17 08:41 -05
Output:
----------------------------------------------------------
<end of output>
Test time =   0.01 sec
----------------------------------------------------------
Test Passed.
"semana2_resize_stress" end time: Apr 17 08:41 -05
"semana2_resize_stress" time elapsed: 00:00:00
----------------------------------------------------------

4/5 Testing: semana2_public_cap2
4/5 Test: semana2_public_cap2
Command: "/home/victor/clases/algoritmos/CC-232/Libreria_cc232/Semana2/build/sem2_test_public_cap2"
Directory: /home/victor/clases/algoritmos/CC-232/Libreria_cc232/Semana2/build
"semana2_public_cap2" start time: Apr 17 08:41 -05
Output:
----------------------------------------------------------
<end of output>
Test time =   0.01 sec
----------------------------------------------------------
Test Passed.
"semana2_public_cap2" end time: Apr 17 08:41 -05
"semana2_public_cap2" time elapsed: 00:00:00
----------------------------------------------------------

5/5 Testing: semana2_internal_cap2
5/5 Test: semana2_internal_cap2
Command: "/home/victor/clases/algoritmos/CC-232/Libreria_cc232/Semana2/build/sem2_test_internal_cap2"
Directory: /home/victor/clases/algoritmos/CC-232/Libreria_cc232/Semana2/build
"semana2_internal_cap2" start time: Apr 17 08:41 -05
Output:
----------------------------------------------------------
<end of output>
Test time =   0.01 sec
----------------------------------------------------------
Test Passed.
"semana2_internal_cap2" end time: Apr 17 08:41 -05
"semana2_internal_cap2" time elapsed: 00:00:00
----------------------------------------------------------

End testing: Apr 17 08:41 -05
